<?xml version="1.0" encoding="UTF-8"?>
<!-- Generated by org.testng.reporters.JUnitReportReporter -->
<testsuite skipped="0" hostname="NT54S" name="pruebas.Laboratorio4_E1" tests="4" failures="0" timestamp="2020-05-20T19:55:18 CLT" time="7.556" errors="0">
  <testcase name="f" time="1.171" classname="pruebas.Laboratorio4_E1"/>
  <system-out/>
  <testcase name="ingreso" time="1.956" classname="pruebas.Laboratorio4_E1"/>
  <system-out/>
  <testcase name="ingreso" time="2.106" classname="pruebas.Laboratorio4_E1"/>
  <system-out/>
  <testcase name="ingreso" time="2.323" classname="pruebas.Laboratorio4_E1"/>
  <system-out/>
</testsuite> <!-- pruebas.Laboratorio4_E1 -->
