<?xml version="1.0" encoding="UTF-8"?>
<!-- Generated by org.testng.reporters.JUnitReportReporter -->
<testsuite skipped="0" hostname="NT54S" name="pruebas.Laboratorio3_E2" tests="2" failures="0" timestamp="2020-05-13T20:55:38 CLT" time="4.428" errors="0">
  <testcase name="f" time="1.488" classname="pruebas.Laboratorio3_E2"/>
  <system-out/>
  <testcase name="ingreso" time="2.940" classname="pruebas.Laboratorio3_E2"/>
  <system-out/>
</testsuite> <!-- pruebas.Laboratorio3_E2 -->
