<?xml version="1.0" encoding="UTF-8"?>
<!-- Generated by org.testng.reporters.JUnitReportReporter -->
<testsuite skipped="0" hostname="NT54S" name="pruebas.Laboratorio3_E1" tests="1" failures="0" timestamp="2020-05-13T21:09:24 CLT" time="1.705" errors="0">
  <testcase name="registroUsuario" time="1.705" classname="pruebas.Laboratorio3_E1"/>
  <system-out/>
</testsuite> <!-- pruebas.Laboratorio3_E1 -->
